Src/FM79979Engine/VSAndroid/AndroidGrageleProject/app/build/outputs/logs/manifest-merger-arm7-debug-report.txt
-- Merging decision tree log ---
manifest
ADDED from src\main\AndroidManifest.xml:2:1-25:12
	package
		ADDED from src\main\AndroidManifest.xml:3:11-46
		INJECTED from src\main\AndroidManifest.xml
		INJECTED from src\main\AndroidManifest.xml
	android:versionName
		ADDED from src\main\AndroidManifest.xml:5:11-36
		INJECTED from src\main\AndroidManifest.xml
		INJECTED from src\main\AndroidManifest.xml
	android:versionCode
		ADDED from src\main\AndroidManifest.xml:4:11-34
		INJECTED from src\main\AndroidManifest.xml
		INJECTED from src\main\AndroidManifest.xml
	xmlns:android
		ADDED from src\main\AndroidManifest.xml:2:11-69
uses-permission#android.permission.WRITE_INTERNAL_STORAGE
ADDED from src\main\AndroidManifest.xml:6:3-78
	android:name
		ADDED from src\main\AndroidManifest.xml:6:20-76
uses-permission#android.permission.READ_INTERNAL_STORAGE
ADDED from src\main\AndroidManifest.xml:7:3-77
	android:name
		ADDED from src\main\AndroidManifest.xml:7:20-75
uses-permission#android.permission.WRITE_EXTERNAL_STORAGE
ADDED from src\main\AndroidManifest.xml:8:3-78
	android:name
		ADDED from src\main\AndroidManifest.xml:8:20-76
uses-permission#android.permission.READ_EXTERNAL_STORAGE
ADDED from src\main\AndroidManifest.xml:9:3-77
	android:name
		ADDED from src\main\AndroidManifest.xml:9:20-75
uses-permission#android.permission.INTERNET
ADDED from src\main\AndroidManifest.xml:11:3-64
	android:name
		ADDED from src\main\AndroidManifest.xml:11:20-62
uses-permission#android.permission.ACCESS_NETWORK_STATE
ADDED from src\main\AndroidManifest.xml:12:3-76
	android:name
		ADDED from src\main\AndroidManifest.xml:12:20-74
uses-permission#android.permission.ACCESS_WIFI_STATE
ADDED from src\main\AndroidManifest.xml:13:3-74
	android:name
		ADDED from src\main\AndroidManifest.xml:13:20-71
application
ADDED from src\main\AndroidManifest.xml:14:3-24:17
	android:label
		ADDED from src\main\AndroidManifest.xml:16:7-39
	android:allowBackup
		ADDED from src\main\AndroidManifest.xml:15:7-34
activity#com.AndroidGrageleProject.AndroidGrageleProject
ADDED from src\main\AndroidManifest.xml:17:5-23:16
	android:label
		ADDED from src\main\AndroidManifest.xml:18:15-47
	android:name
		ADDED from src\main\AndroidManifest.xml:17:15-52
intent-filter#android.intent.action.MAIN+android.intent.category.LAUNCHER
ADDED from src\main\AndroidManifest.xml:19:7-22:23
action#android.intent.action.MAIN
ADDED from src\main\AndroidManifest.xml:20:9-61
	android:name
		ADDED from src\main\AndroidManifest.xml:20:17-58
category#android.intent.category.LAUNCHER
ADDED from src\main\AndroidManifest.xml:21:9-69
	android:name
		ADDED from src\main\AndroidManifest.xml:21:19-66
uses-sdk
INJECTED from src\main\AndroidManifest.xml reason: use-sdk injection requested
	android:targetSdkVersion
		INJECTED from src\main\AndroidManifest.xml
		INJECTED from src\main\AndroidManifest.xml
	android:minSdkVersion
		INJECTED from src\main\AndroidManifest.xml
		INJECTED from src\main\AndroidManifest.xml